hZSZ/build/outputs/logs/manifest-merger-release-report.txt
-- Merging decision tree log ---
manifest
ADDED from src\main\AndroidManifest.xml:2:1-579:12
	package
		ADDED from src\main\AndroidManifest.xml:3:5-27
		INJECTED from src\main\AndroidManifest.xml
		INJECTED from src\main\AndroidManifest.xml
	android:versionName
		ADDED from src\main\AndroidManifest.xml:5:5-32
		INJECTED from src\main\AndroidManifest.xml
		INJECTED from src\main\AndroidManifest.xml
	android:versionCode
		ADDED from src\main\AndroidManifest.xml:4:5-29
		INJECTED from src\main\AndroidManifest.xml
		INJECTED from src\main\AndroidManifest.xml
	xmlns:android
		ADDED from src\main\AndroidManifest.xml:2:11-69
uses-sdk
ADDED from src\main\AndroidManifest.xml:7:5-9:41
MERGED from [com.github.markushi:circlebutton:1.1] AndroidManifest.xml:7:5-44
MERGED from [:SMSSDK-2.1.3:] AndroidManifest.xml:7:5-9:41
MERGED from [com.google.android.gms:play-services-appindexing:8.4.0] AndroidManifest.xml:18:5-42
MERGED from [com.google.android.gms:play-services-base:8.4.0] AndroidManifest.xml:18:5-42
MERGED from [com.google.android.gms:play-services-basement:8.4.0] AndroidManifest.xml:18:5-42
MERGED from [com.android.support:support-v4:24.1.0] AndroidManifest.xml:21:5-23:54
MERGED from [com.getbase:floatingactionbutton:1.10.1] AndroidManifest.xml:8:5-10:41
MERGED from [com.android.support:cardview-v7:24.0.0] AndroidManifest.xml:20:5-43
MERGED from [com.jude:rollviewpager:1.2.9] AndroidManifest.xml:7:5-9:41
MERGED from [com.android.support:appcompat-v7:23.2.0] AndroidManifest.xml:21:5-23:78
MERGED from [com.android.support:animated-vector-drawable:23.2.0] AndroidManifest.xml:5:5-44
MERGED from [com.android.support:support-vector-drawable:23.2.0] AndroidManifest.xml:5:5-43
MERGED from [com.github.afollestad.material-dialogs:core:0.8.5.1] AndroidManifest.xml:8:5-11:75
MERGED from [me.zhanghai.android.materialprogressbar:library:1.1.4] AndroidManifest.xml:11:5-13:41
MERGED from [com.android.support:recyclerview-v7:23.2.0] AndroidManifest.xml:20:5-43
	tools:overrideLibrary
		ADDED from [com.android.support:support-v4:24.1.0] AndroidManifest.xml:23:9-51
	android:targetSdkVersion
		ADDED from src\main\AndroidManifest.xml:9:9-38
		INJECTED from src\main\AndroidManifest.xml
		INJECTED from src\main\AndroidManifest.xml
	android:minSdkVersion
		ADDED from src\main\AndroidManifest.xml:8:9-34
		INJECTED from src\main\AndroidManifest.xml
		INJECTED from src\main\AndroidManifest.xml
uses-permission#android.permission.INTERNET
ADDED from src\main\AndroidManifest.xml:11:5-67
	android:name
		ADDED from src\main\AndroidManifest.xml:11:22-64
uses-permission#android.permission.CALL_PHONE
ADDED from src\main\AndroidManifest.xml:12:5-69
	android:name
		ADDED from src\main\AndroidManifest.xml:12:22-66
uses-permission#android.permission.CAMERA
ADDED from src\main\AndroidManifest.xml:13:5-65
	android:name
		ADDED from src\main\AndroidManifest.xml:13:22-62
uses-permission#android.permission.GET_ACCOUNTS
ADDED from src\main\AndroidManifest.xml:15:5-71
	android:name
		ADDED from src\main\AndroidManifest.xml:15:22-68
uses-permission#android.permission.USE_CREDENTIALS
ADDED from src\main\AndroidManifest.xml:16:5-74
	android:name
		ADDED from src\main\AndroidManifest.xml:16:22-71
uses-permission#android.permission.MANAGE_ACCOUNTS
ADDED from src\main\AndroidManifest.xml:17:5-74
	android:name
		ADDED from src\main\AndroidManifest.xml:17:22-71
uses-permission#android.permission.AUTHENTICATE_ACCOUNTS
ADDED from src\main\AndroidManifest.xml:18:5-80
	android:name
		ADDED from src\main\AndroidManifest.xml:18:22-77
uses-permission#android.permission.ACCESS_NETWORK_STATE
ADDED from src\main\AndroidManifest.xml:19:5-79
	android:name
		ADDED from src\main\AndroidManifest.xml:19:22-76
uses-permission#com.android.launcher.permission.READ_SETTINGS
ADDED from src\main\AndroidManifest.xml:20:5-85
	android:name
		ADDED from src\main\AndroidManifest.xml:20:22-82
uses-permission#android.permission.CHANGE_WIFI_STATE
ADDED from src\main\AndroidManifest.xml:21:5-76
	android:name
		ADDED from src\main\AndroidManifest.xml:21:22-73
uses-permission#android.permission.ACCESS_WIFI_STATE
ADDED from src\main\AndroidManifest.xml:22:5-76
	android:name
		ADDED from src\main\AndroidManifest.xml:22:22-73
uses-permission#android.permission.READ_PHONE_STATE
ADDED from src\main\AndroidManifest.xml:23:5-75
	android:name
		ADDED from src\main\AndroidManifest.xml:23:22-72
uses-permission#android.permission.WRITE_EXTERNAL_STORAGE
ADDED from src\main\AndroidManifest.xml:24:5-81
	android:name
		ADDED from src\main\AndroidManifest.xml:24:22-78
uses-permission#android.permission.BROADCAST_STICKY
ADDED from src\main\AndroidManifest.xml:25:5-75
	android:name
		ADDED from src\main\AndroidManifest.xml:25:22-72
uses-permission#android.permission.WRITE_SETTINGS
ADDED from src\main\AndroidManifest.xml:26:5-73
	android:name
		ADDED from src\main\AndroidManifest.xml:26:22-70
uses-permission#android.permission.BAIDU_LOCATION_SERVICE
ADDED from src\main\AndroidManifest.xml:30:5-81
	android:name
		ADDED from src\main\AndroidManifest.xml:30:22-78
uses-permission#android.permission.ACCESS_COARSE_LOCATION
ADDED from src\main\AndroidManifest.xml:31:5-81
	android:name
		ADDED from src\main\AndroidManifest.xml:31:22-78
uses-permission#android.permission.ACCESS_FINE_LOCATION
ADDED from src\main\AndroidManifest.xml:32:5-79
	android:name
		ADDED from src\main\AndroidManifest.xml:32:22-76
uses-permission#android.permission.MOUNT_UNMOUNT_FILESYSTEMS
ADDED from src\main\AndroidManifest.xml:39:5-84
	android:name
		ADDED from src\main\AndroidManifest.xml:39:22-81
uses-permission#android.permission.READ_LOGS
ADDED from src\main\AndroidManifest.xml:40:5-68
	android:name
		ADDED from src\main\AndroidManifest.xml:40:22-65
uses-permission#android.permission.VIBRATE
ADDED from src\main\AndroidManifest.xml:52:5-66
	android:name
		ADDED from src\main\AndroidManifest.xml:52:22-63
uses-permission#android.permission.WAKE_LOCK
ADDED from src\main\AndroidManifest.xml:53:5-68
	android:name
		ADDED from src\main\AndroidManifest.xml:53:22-65
uses-permission#android.permission.READ_CONTACTS
ADDED from src\main\AndroidManifest.xml:59:5-72
	android:name
		ADDED from src\main\AndroidManifest.xml:59:22-69
uses-permission#android.permission.RECEIVE_SMS
ADDED from src\main\AndroidManifest.xml:65:5-70
	android:name
		ADDED from src\main\AndroidManifest.xml:65:22-67
uses-permission#android.permission.READ_SMS
ADDED from src\main\AndroidManifest.xml:66:5-67
	android:name
		ADDED from src\main\AndroidManifest.xml:66:22-64
uses-permission#android.permission.GET_TASKS
ADDED from src\main\AndroidManifest.xml:67:5-68
	android:name
		ADDED from src\main\AndroidManifest.xml:67:22-65
uses-permission#android.permission.RECEIVE_BOOT_COMPLETED
ADDED from src\main\AndroidManifest.xml:77:5-81
	android:name
		ADDED from src\main\AndroidManifest.xml:77:22-78
uses-permission#android.permission.BLUETOOTH
ADDED from src\main\AndroidManifest.xml:82:5-68
	android:name
		ADDED from src\main\AndroidManifest.xml:82:22-65
uses-permission#android.permission.BLUETOOTH_ADMIN
ADDED from src\main\AndroidManifest.xml:83:5-74
	android:name
		ADDED from src\main\AndroidManifest.xml:83:22-71
uses-permission#android.permission.SYSTEM_ALERT_WINDOW
ADDED from src\main\AndroidManifest.xml:88:5-78
	android:name
		ADDED from src\main\AndroidManifest.xml:88:22-75
uses-permission#getui.permission.GetuiService.com.zju.rchz
ADDED from src\main\AndroidManifest.xml:90:5-82
	android:name
		ADDED from src\main\AndroidManifest.xml:90:22-79
permission#getui.permission.GetuiService.com.zju.rchz
ADDED from src\main\AndroidManifest.xml:112:5-114:55
	android:protectionLevel
		ADDED from src\main\AndroidManifest.xml:114:9-41
	android:name
		ADDED from src\main\AndroidManifest.xml:113:9-66
android:users-permission
ADDED from src\main\AndroidManifest.xml:116:5-89
	android:name
		ADDED from src\main\AndroidManifest.xml:116:31-86
application
ADDED from src\main\AndroidManifest.xml:118:5-577:19
MERGED from [com.github.markushi:circlebutton:1.1] AndroidManifest.xml:9:5-20
MERGED from [:SMSSDK-2.1.3:] AndroidManifest.xml:11:5-12:19
MERGED from [com.google.android.gms:play-services-appindexing:8.4.0] AndroidManifest.xml:19:5-20
MERGED from [com.google.android.gms:play-services-basement:8.4.0] AndroidManifest.xml:20:5-24:19
MERGED from [com.android.support:support-v4:24.1.0] AndroidManifest.xml:25:5-20
MERGED from [com.getbase:floatingactionbutton:1.10.1] AndroidManifest.xml:12:5-20
MERGED from [com.android.support:cardview-v7:24.0.0] AndroidManifest.xml:22:5-20
MERGED from [com.android.support:appcompat-v7:23.2.0] AndroidManifest.xml:25:5-20
MERGED from [com.android.support:animated-vector-drawable:23.2.0] AndroidManifest.xml:7:5-20
MERGED from [com.android.support:support-vector-drawable:23.2.0] AndroidManifest.xml:7:5-20
MERGED from [com.github.afollestad.material-dialogs:core:0.8.5.1] AndroidManifest.xml:13:5-20
	android:label
		ADDED from src\main\AndroidManifest.xml:121:9-41
	android:allowBackup
		ADDED from src\main\AndroidManifest.xml:119:9-35
	android:icon
		ADDED from src\main\AndroidManifest.xml:120:9-45
	android:theme
		ADDED from src\main\AndroidManifest.xml:122:9-40
service#com.baidu.location.f
ADDED from src\main\AndroidManifest.xml:123:9-130:19
	android:enabled
		ADDED from src\main\AndroidManifest.xml:125:13-35
	android:process
		ADDED from src\main\AndroidManifest.xml:126:13-38
	android:name
		ADDED from src\main\AndroidManifest.xml:124:13-48
intent-filter#com.baidu.location.service_v2.2
ADDED from src\main\AndroidManifest.xml:127:13-129:29
action#com.baidu.location.service_v2.2
ADDED from src\main\AndroidManifest.xml:128:17-81
	android:name
		ADDED from src\main\AndroidManifest.xml:128:25-71
meta-data#com.baidu.lbsapi.API_KEY
ADDED from src\main\AndroidManifest.xml:142:9-144:64
	android:value
		ADDED from src\main\AndroidManifest.xml:144:13-61
	android:name
		ADDED from src\main\AndroidManifest.xml:143:13-52
activity#com.zju.rchz.activity.WelcomeActivity
ADDED from src\main\AndroidManifest.xml:146:9-156:20
	android:screenOrientation
		ADDED from src\main\AndroidManifest.xml:149:13-49
	android:label
		ADDED from src\main\AndroidManifest.xml:148:13-45
	android:theme
		ADDED from src\main\AndroidManifest.xml:150:13-54
	android:name
		ADDED from src\main\AndroidManifest.xml:147:13-65
intent-filter#android.intent.action.MAIN+android.intent.category.LAUNCHER
ADDED from src\main\AndroidManifest.xml:151:13-155:29
action#android.intent.action.MAIN
ADDED from src\main\AndroidManifest.xml:152:17-69
	android:name
		ADDED from src\main\AndroidManifest.xml:152:25-66
category#android.intent.category.LAUNCHER
ADDED from src\main\AndroidManifest.xml:154:17-77
	android:name
		ADDED from src\main\AndroidManifest.xml:154:27-74
activity#com.mob.tools.MobUIShell
ADDED from src\main\AndroidManifest.xml:159:9-163:69
	android:windowSoftInputMode
		ADDED from src\main\AndroidManifest.xml:163:13-67
	android:configChanges
		ADDED from src\main\AndroidManifest.xml:162:13-74
	android:theme
		ADDED from src\main\AndroidManifest.xml:161:13-72
	android:name
		ADDED from src\main\AndroidManifest.xml:160:13-52
activity#com.zju.rchz.activity.MainActivity
ADDED from src\main\AndroidManifest.xml:165:9-169:61
	android:screenOrientation
		ADDED from src\main\AndroidManifest.xml:169:13-49
	android:label
		ADDED from src\main\AndroidManifest.xml:167:13-45
	android:launchMode
		ADDED from src\main\AndroidManifest.xml:168:13-44
	android:name
		ADDED from src\main\AndroidManifest.xml:166:13-62
activity#com.zju.rchz.activity.LoginActivity
ADDED from src\main\AndroidManifest.xml:170:9-173:61
	android:screenOrientation
		ADDED from src\main\AndroidManifest.xml:173:13-49
	android:label
		ADDED from src\main\AndroidManifest.xml:172:13-45
	android:name
		ADDED from src\main\AndroidManifest.xml:171:13-63
activity#com.zju.rchz.activity.SugOrComtActivity
ADDED from src\main\AndroidManifest.xml:174:9-176:61
	android:screenOrientation
		ADDED from src\main\AndroidManifest.xml:176:13-49
	android:name
		ADDED from src\main\AndroidManifest.xml:175:13-67
activity#com.zju.rchz.activity.LakeSugOrComtActivity
ADDED from src\main\AndroidManifest.xml:177:9-179:61
	android:screenOrientation
		ADDED from src\main\AndroidManifest.xml:179:13-49
	android:name
		ADDED from src\main\AndroidManifest.xml:178:13-71
activity#com.zju.rchz.activity.DubanTopersonListActivity
ADDED from src\main\AndroidManifest.xml:180:9-182:61
	android:screenOrientation
		ADDED from src\main\AndroidManifest.xml:182:13-49
	android:name
		ADDED from src\main\AndroidManifest.xml:181:13-75
activity#com.zju.rchz.activity.DubanTopersonCoordListActivity
ADDED from src\main\AndroidManifest.xml:183:9-185:61
	android:screenOrientation
		ADDED from src\main\AndroidManifest.xml:185:13-49
	android:name
		ADDED from src\main\AndroidManifest.xml:184:13-80
activity#com.zju.rchz.activity.DubanTopersonCitychiefListActivity
ADDED from src\main\AndroidManifest.xml:186:9-188:61
	android:screenOrientation
		ADDED from src\main\AndroidManifest.xml:188:13-49
	android:name
		ADDED from src\main\AndroidManifest.xml:187:13-84
activity#com.zju.rchz.activity.OneRiverNumOfProblemListActivity
ADDED from src\main\AndroidManifest.xml:189:9-191:61
	android:screenOrientation
		ADDED from src\main\AndroidManifest.xml:191:13-49
	android:name
		ADDED from src\main\AndroidManifest.xml:190:13-82
activity#com.zju.rchz.activity.DubanTopersonLeaderListActivity
ADDED from src\main\AndroidManifest.xml:192:9-194:61
	android:screenOrientation
		ADDED from src\main\AndroidManifest.xml:194:13-49
	android:name
		ADDED from src\main\AndroidManifest.xml:193:13-81
activity#com.zju.rchz.activity.ProblemReportActivity
ADDED from src\main\AndroidManifest.xml:195:9-197:61
	android:screenOrientation
		ADDED from src\main\AndroidManifest.xml:197:13-49
	android:name
		ADDED from src\main\AndroidManifest.xml:196:13-71
activity#com.zju.rchz.activity.DuChaDanActivity
ADDED from src\main\AndroidManifest.xml:198:9-200:61
	android:screenOrientation
		ADDED from src\main\AndroidManifest.xml:200:13-49
	android:name
		ADDED from src\main\AndroidManifest.xml:199:13-66
activity#com.zju.rchz.activity.ProblemReportDetailActivity
ADDED from src\main\AndroidManifest.xml:201:9-203:61
	android:screenOrientation
		ADDED from src\main\AndroidManifest.xml:203:13-49
	android:name
		ADDED from src\main\AndroidManifest.xml:202:13-77
activity#com.zju.rchz.activity.DuChaDetailActivity
ADDED from src\main\AndroidManifest.xml:204:9-206:61
	android:screenOrientation
		ADDED from src\main\AndroidManifest.xml:206:13-49
	android:name
		ADDED from src\main\AndroidManifest.xml:205:13-69
activity#com.zju.rchz.activity.EvalCompActivity
ADDED from src\main\AndroidManifest.xml:207:9-209:61
	android:screenOrientation
		ADDED from src\main\AndroidManifest.xml:209:13-49
	android:name
		ADDED from src\main\AndroidManifest.xml:208:13-66
activity#com.zju.rchz.activity.ForgotPasswordActivity
ADDED from src\main\AndroidManifest.xml:210:9-212:61
	android:screenOrientation
		ADDED from src\main\AndroidManifest.xml:212:13-49
	android:name
		ADDED from src\main\AndroidManifest.xml:211:13-72
activity#com.zju.rchz.activity.ChangePasswordActivity
ADDED from src\main\AndroidManifest.xml:213:9-215:61
	android:screenOrientation
		ADDED from src\main\AndroidManifest.xml:215:13-49
	android:name
		ADDED from src\main\AndroidManifest.xml:214:13-72
activity#com.zju.rchz.activity.ViewAllActivity
ADDED from src\main\AndroidManifest.xml:216:9-219:61
	android:screenOrientation
		ADDED from src\main\AndroidManifest.xml:219:13-49
	android:label
		ADDED from src\main\AndroidManifest.xml:218:13-45
	android:name
		ADDED from src\main\AndroidManifest.xml:217:13-65
activity#com.zju.rchz.activity.NewsDetailActivity
ADDED from src\main\AndroidManifest.xml:220:9-223:61
	android:screenOrientation
		ADDED from src\main\AndroidManifest.xml:223:13-49
	android:label
		ADDED from src\main\AndroidManifest.xml:222:13-45
	android:name
		ADDED from src\main\AndroidManifest.xml:221:13-68
activity#com.zju.rchz.activity.XmlActivity
ADDED from src\main\AndroidManifest.xml:224:9-226:61
	android:screenOrientation
		ADDED from src\main\AndroidManifest.xml:226:13-49
	android:name
		ADDED from src\main\AndroidManifest.xml:225:13-61
activity#com.zju.rchz.activity.MyCollectActivity
ADDED from src\main\AndroidManifest.xml:227:9-229:61
	android:screenOrientation
		ADDED from src\main\AndroidManifest.xml:229:13-49
	android:name
		ADDED from src\main\AndroidManifest.xml:228:13-67
activity#com.zju.rchz.activity.NpcMemberActivity
ADDED from src\main\AndroidManifest.xml:230:9-232:61
	android:screenOrientation
		ADDED from src\main\AndroidManifest.xml:232:13-49
	android:name
		ADDED from src\main\AndroidManifest.xml:231:13-67
activity#com.zju.rchz.activity.NpcListActivity
ADDED from src\main\AndroidManifest.xml:233:9-234:61
	android:screenOrientation
		ADDED from src\main\AndroidManifest.xml:234:13-49
	android:name
		ADDED from src\main\AndroidManifest.xml:233:19-71
activity#com.zju.rchz.activity.NpcFeedbackActivity
ADDED from src\main\AndroidManifest.xml:235:9-236:61
	android:screenOrientation
		ADDED from src\main\AndroidManifest.xml:236:13-49
	android:name
		ADDED from src\main\AndroidManifest.xml:235:19-75
activity#com.zju.rchz.activity.CompListActivity
ADDED from src\main\AndroidManifest.xml:237:9-239:61
	android:screenOrientation
		ADDED from src\main\AndroidManifest.xml:239:13-49
	android:name
		ADDED from src\main\AndroidManifest.xml:238:13-66
activity#com.zju.rchz.activity.ProblemReportListActivity
ADDED from src\main\AndroidManifest.xml:240:9-242:61
	android:screenOrientation
		ADDED from src\main\AndroidManifest.xml:242:13-49
	android:name
		ADDED from src\main\AndroidManifest.xml:241:13-75
activity#com.zju.rchz.activity.DuChaListAcitivity
ADDED from src\main\AndroidManifest.xml:243:9-245:61
	android:screenOrientation
		ADDED from src\main\AndroidManifest.xml:245:13-49
	android:name
		ADDED from src\main\AndroidManifest.xml:244:13-68
activity#com.zju.rchz.activity.CompDetailActivity
ADDED from src\main\AndroidManifest.xml:246:9-248:61
	android:screenOrientation
		ADDED from src\main\AndroidManifest.xml:248:13-49
	android:name
		ADDED from src\main\AndroidManifest.xml:247:13-68
activity#com.zju.rchz.activity.AboutActivity
ADDED from src\main\AndroidManifest.xml:249:9-251:61
	android:screenOrientation
		ADDED from src\main\AndroidManifest.xml:251:13-49
	android:name
		ADDED from src\main\AndroidManifest.xml:250:13-63
activity#com.zju.rchz.activity.RegisterActivity
ADDED from src\main\AndroidManifest.xml:252:9-255:61
	android:screenOrientation
		ADDED from src\main\AndroidManifest.xml:255:13-49
	android:label
		ADDED from src\main\AndroidManifest.xml:254:13-45
	android:name
		ADDED from src\main\AndroidManifest.xml:253:13-66
activity#com.zju.rchz.activity.MeActivity
ADDED from src\main\AndroidManifest.xml:256:9-259:61
	android:screenOrientation
		ADDED from src\main\AndroidManifest.xml:259:13-49
	android:label
		ADDED from src\main\AndroidManifest.xml:258:13-45
	android:name
		ADDED from src\main\AndroidManifest.xml:257:13-60
activity#com.zju.rchz.activity.SettingActivity
ADDED from src\main\AndroidManifest.xml:260:9-263:61
	android:screenOrientation
		ADDED from src\main\AndroidManifest.xml:263:13-49
	android:label
		ADDED from src\main\AndroidManifest.xml:262:13-45
	android:name
		ADDED from src\main\AndroidManifest.xml:261:13-65
activity#com.zju.rchz.activity.SectionActivity
ADDED from src\main\AndroidManifest.xml:264:9-267:61
	android:screenOrientation
		ADDED from src\main\AndroidManifest.xml:267:13-49
	android:label
		ADDED from src\main\AndroidManifest.xml:266:13-49
	android:name
		ADDED from src\main\AndroidManifest.xml:265:13-65
activity#com.zju.rchz.activity.RiverActivity
ADDED from src\main\AndroidManifest.xml:268:9-271:61
	android:screenOrientation
		ADDED from src\main\AndroidManifest.xml:271:13-49
	android:label
		ADDED from src\main\AndroidManifest.xml:270:13-47
	android:name
		ADDED from src\main\AndroidManifest.xml:269:13-63
activity#com.zju.rchz.activity.LakeActivity
ADDED from src\main\AndroidManifest.xml:272:9-275:61
	android:screenOrientation
		ADDED from src\main\AndroidManifest.xml:275:13-49
	android:label
		ADDED from src\main\AndroidManifest.xml:274:13-46
	android:name
		ADDED from src\main\AndroidManifest.xml:273:13-50
activity#com.zju.rchz.activity.LakePositionActivity
ADDED from src\main\AndroidManifest.xml:276:9-278:61
	android:screenOrientation
		ADDED from src\main\AndroidManifest.xml:278:13-49
	android:name
		ADDED from src\main\AndroidManifest.xml:277:13-58
activity#com.zju.rchz.activity.OutletActivity
ADDED from src\main\AndroidManifest.xml:279:9-282:61
	android:screenOrientation
		ADDED from src\main\AndroidManifest.xml:282:13-49
	android:label
		ADDED from src\main\AndroidManifest.xml:281:13-43
	android:name
		ADDED from src\main\AndroidManifest.xml:280:13-64
activity#com.zju.rchz.activity.SmallWaterActivity
ADDED from src\main\AndroidManifest.xml:283:9-286:61
	android:screenOrientation
		ADDED from src\main\AndroidManifest.xml:286:13-49
	android:label
		ADDED from src\main\AndroidManifest.xml:285:13-52
	android:name
		ADDED from src\main\AndroidManifest.xml:284:13-68
activity#com.zju.rchz.activity.SmallWaterListActivity
ADDED from src\main\AndroidManifest.xml:287:9-289:61
	android:screenOrientation
		ADDED from src\main\AndroidManifest.xml:289:13-49
	android:name
		ADDED from src\main\AndroidManifest.xml:288:13-72
activity#com.zju.rchz.activity.LakeListAcitivity
ADDED from src\main\AndroidManifest.xml:290:9-292:61
	android:screenOrientation
		ADDED from src\main\AndroidManifest.xml:292:13-49
	android:name
		ADDED from src\main\AndroidManifest.xml:291:13-55
activity#com.zju.rchz.activity.SearchRiverActivity
ADDED from src\main\AndroidManifest.xml:293:9-296:61
	android:screenOrientation
		ADDED from src\main\AndroidManifest.xml:296:13-49
	android:label
		ADDED from src\main\AndroidManifest.xml:295:13-48
	android:name
		ADDED from src\main\AndroidManifest.xml:294:13-69
activity#com.zju.rchz.activity.LeaderInstructionActivity
ADDED from src\main\AndroidManifest.xml:299:9-302:61
	android:screenOrientation
		ADDED from src\main\AndroidManifest.xml:302:13-49
	android:label
		ADDED from src\main\AndroidManifest.xml:301:13-54
	android:name
		ADDED from src\main\AndroidManifest.xml:300:13-75
activity#com.zju.rchz.activity.SearchNewsActivity
ADDED from src\main\AndroidManifest.xml:304:9-307:61
	android:screenOrientation
		ADDED from src\main\AndroidManifest.xml:307:13-49
	android:label
		ADDED from src\main\AndroidManifest.xml:306:13-33
	android:name
		ADDED from src\main\AndroidManifest.xml:305:13-68
activity#com.zju.rchz.activity.SearchCompActivity
ADDED from src\main\AndroidManifest.xml:308:9-311:61
	android:screenOrientation
		ADDED from src\main\AndroidManifest.xml:311:13-49
	android:label
		ADDED from src\main\AndroidManifest.xml:310:13-33
	android:name
		ADDED from src\main\AndroidManifest.xml:309:13-68
activity#com.zju.rchz.activity.ViewItActivity
ADDED from src\main\AndroidManifest.xml:312:9-314:61
	android:screenOrientation
		ADDED from src\main\AndroidManifest.xml:314:13-49
	android:name
		ADDED from src\main\AndroidManifest.xml:313:13-64
activity#com.zju.rchz.activity.SectionListActivity
ADDED from src\main\AndroidManifest.xml:315:9-317:61
	android:screenOrientation
		ADDED from src\main\AndroidManifest.xml:317:13-49
	android:name
		ADDED from src\main\AndroidManifest.xml:316:13-69
activity#com.zju.rchz.activity.RiverListActivity
ADDED from src\main\AndroidManifest.xml:318:9-320:61
	android:screenOrientation
		ADDED from src\main\AndroidManifest.xml:320:13-49
	android:name
		ADDED from src\main\AndroidManifest.xml:319:13-67
activity#com.zju.rchz.activity.OutletListActivity
ADDED from src\main\AndroidManifest.xml:321:9-322:61
	android:screenOrientation
		ADDED from src\main\AndroidManifest.xml:322:13-49
	android:name
		ADDED from src\main\AndroidManifest.xml:321:19-74
activity#com.zju.rchz.chief.activity.ChiefCompListActivity
ADDED from src\main\AndroidManifest.xml:324:9-326:61
	android:screenOrientation
		ADDED from src\main\AndroidManifest.xml:326:13-49
	android:name
		ADDED from src\main\AndroidManifest.xml:325:13-77
activity#com.zju.rchz.chief.activity.ChiefCompDetailActivity
ADDED from src\main\AndroidManifest.xml:327:9-329:61
	android:screenOrientation
		ADDED from src\main\AndroidManifest.xml:329:13-49
	android:name
		ADDED from src\main\AndroidManifest.xml:328:13-79
activity#com.zju.rchz.chief.activity.ChiefInspectActivity
ADDED from src\main\AndroidManifest.xml:330:9-332:61
	android:screenOrientation
		ADDED from src\main\AndroidManifest.xml:332:13-49
	android:name
		ADDED from src\main\AndroidManifest.xml:331:13-76
activity#com.zju.rchz.chief.activity.ChiefRecordListActivity
ADDED from src\main\AndroidManifest.xml:333:9-335:61
	android:screenOrientation
		ADDED from src\main\AndroidManifest.xml:335:13-49
	android:name
		ADDED from src\main\AndroidManifest.xml:334:13-79
activity#com.zju.rchz.lakechief.activity.LakeChiefRecordListActivity
ADDED from src\main\AndroidManifest.xml:336:9-338:61
	android:screenOrientation
		ADDED from src\main\AndroidManifest.xml:338:13-49
	android:name
		ADDED from src\main\AndroidManifest.xml:337:13-87
activity#com.zju.rchz.lakechief.activity.LakeChiefEditRecordActivity
ADDED from src\main\AndroidManifest.xml:339:9-341:61
	android:screenOrientation
		ADDED from src\main\AndroidManifest.xml:341:13-49
	android:name
		ADDED from src\main\AndroidManifest.xml:340:13-87
activity#com.zju.rchz.lakechief.activity.LakeChiefInspectActivity
ADDED from src\main\AndroidManifest.xml:342:9-344:61
	android:screenOrientation
		ADDED from src\main\AndroidManifest.xml:344:13-49
	android:name
		ADDED from src\main\AndroidManifest.xml:343:13-84
activity#com.zju.rchz.lakechief.activity.LakeChiefTrackViewActivity
ADDED from src\main\AndroidManifest.xml:345:9-347:61
	android:screenOrientation
		ADDED from src\main\AndroidManifest.xml:347:13-49
	android:name
		ADDED from src\main\AndroidManifest.xml:346:13-86
activity#com.zju.rchz.chief.activity.ChiefDubanListActivity
ADDED from src\main\AndroidManifest.xml:348:9-350:61
	android:screenOrientation
		ADDED from src\main\AndroidManifest.xml:350:13-49
	android:name
		ADDED from src\main\AndroidManifest.xml:349:13-78
activity#com.zju.rchz.chief.activity.ChiefEditRecordActivity
ADDED from src\main\AndroidManifest.xml:351:9-353:61
	android:screenOrientation
		ADDED from src\main\AndroidManifest.xml:353:13-49
	android:name
		ADDED from src\main\AndroidManifest.xml:352:13-79
activity#com.zju.rchz.chief.activity.ChiefDubanDetailActivity
ADDED from src\main\AndroidManifest.xml:354:9-356:61
	android:screenOrientation
		ADDED from src\main\AndroidManifest.xml:356:13-49
	android:name
		ADDED from src\main\AndroidManifest.xml:355:13-80
activity#com.zju.rchz.chief.activity.ChiefRivermanageActivity
ADDED from src\main\AndroidManifest.xml:357:9-358:61
	android:screenOrientation
		ADDED from src\main\AndroidManifest.xml:358:13-49
	android:name
		ADDED from src\main\AndroidManifest.xml:357:19-86
activity#com.zju.rchz.chief.activity.ChiefLowLevelPubActivity
ADDED from src\main\AndroidManifest.xml:359:9-360:61
	android:screenOrientation
		ADDED from src\main\AndroidManifest.xml:360:13-49
	android:name
		ADDED from src\main\AndroidManifest.xml:359:19-86
activity#com.zju.rchz.chief.activity.ChiefSignActivity
ADDED from src\main\AndroidManifest.xml:361:9-363:61
	android:screenOrientation
		ADDED from src\main\AndroidManifest.xml:363:13-49
	android:name
		ADDED from src\main\AndroidManifest.xml:362:13-73
activity#com.zju.rchz.chief.activity.ChiefNpcSupActivity
ADDED from src\main\AndroidManifest.xml:364:9-365:61
	android:screenOrientation
		ADDED from src\main\AndroidManifest.xml:365:13-49
	android:name
		ADDED from src\main\AndroidManifest.xml:364:19-81
activity#com.zju.rchz.npc.activity.ChiefNpcSugDetailActivity
ADDED from src\main\AndroidManifest.xml:366:9-367:61
	android:screenOrientation
		ADDED from src\main\AndroidManifest.xml:367:13-49
	android:name
		ADDED from src\main\AndroidManifest.xml:366:19-85
activity#com.zju.rchz.chief.activity.ChiefMailListActivity
ADDED from src\main\AndroidManifest.xml:368:9-370:61
	android:screenOrientation
		ADDED from src\main\AndroidManifest.xml:370:13-49
	android:name
		ADDED from src\main\AndroidManifest.xml:369:13-77
activity#com.zju.rchz.chief.activity.ChiefNotepadActivity
ADDED from src\main\AndroidManifest.xml:371:9-373:61
	android:screenOrientation
		ADDED from src\main\AndroidManifest.xml:373:13-49
	android:name
		ADDED from src\main\AndroidManifest.xml:372:13-76
activity#com.zju.rchz.chief.activity.ChiefEditNoteActivity
ADDED from src\main\AndroidManifest.xml:374:9-376:61
	android:screenOrientation
		ADDED from src\main\AndroidManifest.xml:376:13-49
	android:name
		ADDED from src\main\AndroidManifest.xml:375:13-77
activity#com.zju.rchz.chief.activity.DuabnTopersonDetailActivity
ADDED from src\main\AndroidManifest.xml:377:9-379:61
	android:screenOrientation
		ADDED from src\main\AndroidManifest.xml:379:13-49
	android:name
		ADDED from src\main\AndroidManifest.xml:378:13-83
activity#com.zju.rchz.activity.LeaderIntructionDetailActivity
ADDED from src\main\AndroidManifest.xml:380:9-382:61
	android:screenOrientation
		ADDED from src\main\AndroidManifest.xml:382:13-49
	android:name
		ADDED from src\main\AndroidManifest.xml:381:13-80
activity#com.zju.rchz.chief.activity.DuabnTopersonCitychiefDetailActivity
ADDED from src\main\AndroidManifest.xml:383:9-385:61
	android:screenOrientation
		ADDED from src\main\AndroidManifest.xml:385:13-49
	android:name
		ADDED from src\main\AndroidManifest.xml:384:13-92
activity#com.zju.rchz.chief.activity.ChiefMailDetailActivity
ADDED from src\main\AndroidManifest.xml:386:9-388:61
	android:screenOrientation
		ADDED from src\main\AndroidManifest.xml:388:13-49
	android:name
		ADDED from src\main\AndroidManifest.xml:387:13-79
activity#com.zju.rchz.chief.activity.ChiefTrackViewActivity